2026-02-04 02:59:24,163 - INFO - KNN Test Accuracy: 0.7806955287437899
2026-02-04 02:59:24,163 - INFO - KNN ROC-AUC: 0.793946090862981
2026-02-04 02:59:24,170 - INFO - Naive Bayes Test Accuracy: 0.7381121362668559
2026-02-04 02:59:24,170 - INFO - Naive Bayes ROC-AUC: 0.832673874563955
2026-02-04 02:59:24,175 - INFO - Logistic Regression Test Accuracy: 0.8168914123491838
2026-02-04 02:59:24,175 - INFO - Logistic Regression ROC-AUC: 0.8585881457865372
2026-02-04 02:59:24,181 - INFO - Decision Tree Test Accuracy: 0.7267565649396736
2026-02-04 02:59:24,181 - INFO - Decision Tree ROC-AUC: 0.6573177927065327
2026-02-04 02:59:24,240 - INFO - Random Forest Test Accuracy: 0.7955997161107168
2026-02-04 02:59:24,240 - INFO - Random Forest ROC-AUC: 0.8396027202997711
2026-02-04 02:59:24,247 - INFO - AdaBoost Test Accuracy: 0.7920511000709723
2026-02-04 02:59:24,247 - INFO - AdaBoost ROC-AUC: 0.8325768319065906
2026-02-04 02:59:24,255 - INFO - Gradient Boosting Test Accuracy: 0.8055358410220014
2026-02-04 02:59:24,255 - INFO - Gradient Boosting ROC-AUC: 0.8562319500657304
2026-02-04 02:59:24,268 - INFO - XGBoost Test Accuracy: 0.8019872249822569
2026-02-04 02:59:24,268 - INFO - XGBoost ROC-AUC: 0.8428258304263666
2026-02-04 02:59:24,886 - INFO - SVM Test Accuracy: 0.8076650106458482
2026-02-04 02:59:24,886 - INFO - SVM ROC-AUC: 0.8198642437918576
2026-02-04 02:59:30,075 - INFO - BEST MODEL: Logistic Regression with ROC-AUC: 0.8585881457865372
2026-02-04 02:59:34,719 - INFO - Tuned Logistic Params: {'C': 10, 'max_iter': 500, 'penalty': 'l2', 'solver': 'lbfgs'}
2026-02-04 02:59:34,719 - INFO - Tuned Logistic CV ROC-AUC: 0.8352113836472199
2026-02-04 02:59:34,720 - INFO - Logistic Regression saved successfully as Churn_Prediction_Best_Model.pkl
